<assembly>
	<id>test</id>

	<formats>
		<format>dir</format>
	</formats>

	<baseDirectory>base</baseDirectory>

	<fileSets>
		<fileSet>
			<directory>src/main/scripts</directory>
			<outputDirectory>scripts</outputDirectory>
			<fileMode>0755</fileMode>
		</fileSet>
		<fileSet>
			<directory>target/resources</directory>
			<outputDirectory>resources</outputDirectory>
			<includes>
				<include>*.properties</include>
                <include>*.xml</include>
			</includes>
			<lineEnding>lf</lineEnding>
			<fileMode>0644</fileMode>
		</fileSet>
	</fileSets>

	<dependencySets>
		<dependencySet>
			<outputDirectory>lib</outputDirectory>
			<outputFileNameMapping>${artifact.artifactId}${dashClassifier?}.${artifact.extension}</outputFileNameMapping>
		</dependencySet>
	</dependencySets>
</assembly>
